2025-03-04 19:07:48,450 INFO:main.py:240:print_splash_screen:PDB2PQR v3.6.2: biomolecular structure conversion software.
2025-03-04 19:07:48,451 INFO:main.py:242:print_splash_screen:Please cite:  Jurrus E, et al.  Improvements to the APBS biomolecular solvation software suite.  Protein Sci 27 112-128 (2018).
2025-03-04 19:07:48,451 INFO:main.py:242:print_splash_screen:Please cite:  Dolinsky TJ, et al.  PDB2PQR: expanding and upgrading automated preparation of biomolecular structures for molecular simulations. Nucleic Acids Res 35 W522-W525 (2007).
2025-03-04 19:07:48,451 INFO:main.py:768:main_driver:Checking and transforming input arguments.
2025-03-04 19:07:48,451 INFO:main.py:772:main_driver:Loading topology files.
2025-03-04 19:07:48,481 INFO:main.py:774:main_driver:Loading molecule: /data/work/docking/single-dock/1hsg_prot.pdb
2025-03-04 19:07:48,484 INFO:main.py:779:main_driver:Setting up molecule.
2025-03-04 19:07:48,488 INFO:main.py:417:setup_molecule:Created biomolecule object with 198 residues and 1514 atoms.
2025-03-04 19:07:48,488 INFO:main.py:783:main_driver:Setting termini states for biomolecule chains.
2025-03-04 19:07:48,491 INFO:main.py:613:non_trivial:Loading forcefield.
2025-03-04 19:07:48,494 INFO:main.py:617:non_trivial:Loading hydrogen topology definitions.
2025-03-04 19:07:48,494 WARNING:biomolecule.py:157:num_missing_heavy:Missing atom OXT in residue PHE A 99
2025-03-04 19:07:48,494 WARNING:biomolecule.py:157:num_missing_heavy:Missing atom OXT in residue PHE B 99
2025-03-04 19:07:48,495 WARNING:biomolecule.py:157:num_missing_heavy:Missing atom OXT in residue PHE A 99
2025-03-04 19:07:48,495 WARNING:biomolecule.py:157:num_missing_heavy:Missing atom OXT in residue PHE B 99
2025-03-04 19:07:48,495 INFO:main.py:627:non_trivial:Attempting to repair 2 missing atoms in biomolecule.
2025-03-04 19:07:48,495 WARNING:biomolecule.py:157:num_missing_heavy:Missing atom OXT in residue PHE A 99
2025-03-04 19:07:48,495 WARNING:biomolecule.py:157:num_missing_heavy:Missing atom OXT in residue PHE B 99
2025-03-04 19:07:48,495 INFO:biomolecule.py:1077:repair_heavy:Added atom OXT to residue PHE A 99 at coordinates 26.780, 34.489, -10.125
2025-03-04 19:07:48,495 INFO:biomolecule.py:1077:repair_heavy:Added atom OXT to residue PHE B 99 at coordinates 26.380, 42.929, 4.902
2025-03-04 19:07:48,495 INFO:main.py:632:non_trivial:Updating disulfide bridges.
2025-03-04 19:07:48,496 INFO:main.py:635:non_trivial:Debumping biomolecule.
2025-03-04 19:07:48,519 INFO:main.py:642:non_trivial:Assigning titration states with PROPKA.
2025-03-04 19:07:48,524 INFO:output.py:74:print_header:
propka3.5.1                                                                                  2025-03-04

-------------------------------------------------------------------------------
--                                                                           --
--  PROPKA: A PROTEIN PKA PREDICTOR                                          --
--                                                                           --
--  VERSION 1.0,  04/25/2004,  IOWA CITY                                     --
--  BY HUI LI                                                                --
--                                                                           --
--  VERSION 2.0,  11/05/2007, IOWA CITY/COPENHAGEN                           --
--  BY DELPHINE C. BAS AND DAVID M. ROGERS                                   --
--                                                                           --
--  VERSION 3.0,  01/06/2011, COPENHAGEN                                     --
--  BY MATS H.M. OLSSON AND CHRESTEN R. SONDERGARD                           --
--                                                                           --
--  VERSION 3.1,  07/01/2011, COPENHAGEN                                     --
--  BY CHRESTEN R. SONDERGARD AND MATS H.M. OLSSON                           --
--                                                                           --
--  VERSION 3.2,  06/17/2020, PLANET EARTH                                   --
--  SEE ABOVE FOR AUTHORS                                                    --
--                                                                           --
-------------------------------------------------------------------------------


-------------------------------------------------------------------------------
References:

Very Fast Empirical Prediction and Rationalization of Protein pKa Values.
Hui Li, Andrew D. Robertson and Jan H. Jensen. PROTEINS: Structure, Function,
and Bioinformatics. 61:704-721 (2005)

Very Fast Prediction and Rationalization of pKa Values for Protein-Ligand
Complexes.  Delphine C. Bas, David M. Rogers and Jan H. Jensen.  PROTEINS:
Structure, Function, and Bioinformatics 73:765-783 (2008)

PROPKA3: Consistent Treatment of Internal and Surface Residues in Empirical
pKa predictions.  Mats H.M. Olsson, Chresten R. Sondergard, Michal Rostkowski,
and Jan H. Jensen.  Journal of Chemical Theory and Computation, 7(2):525-537
(2011)

Improved Treatment of Ligands and Coupling Effects in Empirical Calculation
and Rationalization of pKa Values.  Chresten R. Sondergaard, Mats H.M. Olsson,
Michal Rostkowski, and Jan H. Jensen.  Journal of Chemical Theory and
Computation, (2011)
-------------------------------------------------------------------------------



2025-03-04 19:07:48,550 INFO:conformation_container.py:124:find_covalently_coupled_groups:Coupling map:

2025-03-04 19:07:48,550 INFO:conformation_container.py:213:calculate_pka:Calculating pKas for Conformation container 1A with 1790 atoms and 470 groups
2025-03-04 19:07:48,611 INFO:output.py:225:print_pka_section:pKa determinants:

---------  -----   ------   ---------------------    --------------    --------------    --------------
                            DESOLVATION  EFFECTS       SIDECHAIN          BACKBONE        COULOMBIC
 RESIDUE    pKa    BURIED     REGULAR      RE        HYDROGEN BOND     HYDROGEN BOND      INTERACTION
---------  -----   ------   ---------   ---------    --------------    --------------    --------------

ASP  25 A   5.07*  100 %    2.85  580   0.14    0   -0.89 ASP  25 B   -0.60 GLY  27 A    0.03 ASP  29 A
ASP  25 A                                            0.00 XXX   0 X   -0.17 ALA  28 A    0.01 ASP  29 B
ASP  25 A                                            0.00 XXX   0 X   -0.09 GLY  27 B    0.00 XXX   0 X

ASP  29 A   2.40    40 %    1.05  392   0.10    0   -0.62 ARG  87 A    0.00 XXX   0 X   -0.01 LYS  45 A
ASP  29 A                                           -1.00 ARG   8 B    0.00 XXX   0 X   -0.42 ARG  87 A
ASP  29 A                                            0.00 XXX   0 X    0.00 XXX   0 X   -0.50 ARG   8 B

ASP  30 A   4.77    48 %    1.09  417   0.00    0    0.00 XXX   0 X    0.00 XXX   0 X   -0.28 LYS  45 A
ASP  30 A                                            0.00 XXX   0 X    0.00 XXX   0 X   -0.08 ARG  87 A
ASP  30 A                                            0.00 XXX   0 X    0.00 XXX   0 X   -0.03 ARG   8 B
ASP  30 A                                            0.00 XXX   0 X    0.00 XXX   0 X    0.26 ASP  29 A

ASP  60 A   2.87     0 %    0.37  254   0.00    0   -0.00 LYS  43 A    0.00 XXX   0 X   -0.27 LYS  43 A
ASP  60 A                                           -0.36 GLN  58 A    0.00 XXX   0 X   -0.04 LYS  45 A
ASP  60 A                                           -0.63 THR  74 A    0.00 XXX   0 X    0.00 XXX   0 X

GLU  21 A   4.74     0 %    0.25  237   0.00    0    0.00 XXX   0 X    0.00 XXX   0 X   -0.01 ARG   8 A

GLU  34 A   4.92     9 %    0.46  306   0.09    0    0.00 XXX   0 X    0.00 XXX   0 X   -0.17 LYS  20 A
GLU  34 A                                            0.00 XXX   0 X    0.00 XXX   0 X    0.04 GLU  21 A

GLU  35 A   3.66     0 %    0.31  271   0.00    0   -0.83 ARG  57 A    0.00 XXX   0 X   -0.03 LYS  55 A
GLU  35 A                                            0.00 XXX   0 X    0.00 XXX   0 X   -0.29 ARG  57 A

GLU  65 A   3.95     0 %    0.30  208   0.00    0   -0.31 LYS  14 A    0.00 XXX   0 X   -0.17 LYS  70 A
GLU  65 A                                            0.00 XXX   0 X    0.00 XXX   0 X   -0.01 HIS  69 A
GLU  65 A                                            0.00 XXX   0 X    0.00 XXX   0 X   -0.37 LYS  14 A

C-   99 A   2.09     0 %    0.30  259   0.00    0   -0.82 N+    1 B    0.00 XXX   0 X   -0.20 HIS  69 B
C-   99 A                                            0.00 XXX   0 X    0.00 XXX   0 X   -0.38 N+    1 B

HIS  69 A   6.86     0 %   -0.37  268   0.00    0    0.00 XXX   0 X    0.27 ILE  66 A   -0.12 N+    1 A
HIS  69 A                                            0.00 XXX   0 X    0.35 CYS  67 A    0.01 GLU  65 A
HIS  69 A                                            0.00 XXX   0 X    0.00 XXX   0 X    0.22 C-   99 B

CYS  67 A   9.73    20 %    0.81  336   0.00    0    0.00 XXX   0 X    0.00 XXX   0 X   -0.12 N+    1 A
CYS  67 A                                            0.00 XXX   0 X    0.00 XXX   0 X    0.04 C-   99 B

CYS  95 A  11.62    71 %    2.62  481   0.00    0    0.00 XXX   0 X   -0.06 ASN  98 B   -0.05 N+    1 A
CYS  95 A                                            0.00 XXX   0 X    0.00 XXX   0 X    0.01 CYS  67 A
CYS  95 A                                            0.00 XXX   0 X    0.00 XXX   0 X    0.10 C-   99 B

TYR  59 A   9.70     0 %    0.65  274   0.00    0   -0.27 ARG  57 A   -0.33 LEU  38 A    0.05 GLU  35 A
TYR  59 A                                            0.00 XXX   0 X    0.00 XXX   0 X   -0.03 ARG  41 A
TYR  59 A                                            0.00 XXX   0 X    0.00 XXX   0 X   -0.38 ARG  57 A

LYS  14 A  10.98     0 %   -0.20  162   0.00    0    0.31 GLU  65 A    0.00 XXX   0 X    0.37 GLU  65 A

LYS  20 A  10.11    13 %   -0.57  317   0.00    0    0.00 XXX   0 X    0.00 XXX   0 X    0.17 GLU  34 A

LYS  43 A  10.62     0 %   -0.16  174   0.00    0    0.00 ASP  60 A    0.00 XXX   0 X    0.27 ASP  60 A

LYS  45 A  10.59     0 %   -0.24  276   0.00    0    0.00 XXX   0 X    0.00 XXX   0 X    0.01 ASP  29 A
LYS  45 A                                            0.00 XXX   0 X    0.00 XXX   0 X    0.28 ASP  30 A
LYS  45 A                                            0.00 XXX   0 X    0.00 XXX   0 X    0.04 ASP  60 A

LYS  55 A  10.18     0 %   -0.29  213   0.00    0    0.00 XXX   0 X    0.00 XXX   0 X    0.03 GLU  35 A
LYS  55 A                                            0.00 XXX   0 X    0.00 XXX   0 X   -0.06 ARG  57 A

LYS  70 A  10.52     0 %   -0.12  150   0.00    0    0.00 XXX   0 X    0.00 XXX   0 X    0.17 GLU  65 A
LYS  70 A                                            0.00 XXX   0 X    0.00 XXX   0 X   -0.03 LYS  14 A

ARG   8 A  14.00    18 %   -0.41  331   0.00    0    1.37 ASP  29 B    0.00 XXX   0 X    0.01 GLU  21 A
ARG   8 A                                            0.00 XXX   0 X    0.00 XXX   0 X    0.03 ASP  30 B
ARG   8 A                                            0.00 XXX   0 X    0.00 XXX   0 X    0.50 ASP  29 B

ARG  41 A  12.43     0 %   -0.10  113   0.00    0    0.00 XXX   0 X    0.00 XXX   0 X    0.03 TYR  59 A

ARG  57 A  13.76     2 %   -0.51  287   0.00    0    0.83 GLU  35 A    0.00 XXX   0 X    0.29 GLU  35 A
ARG  57 A                                            0.27 TYR  59 A    0.00 XXX   0 X    0.38 TYR  59 A

ARG  87 A  12.42    29 %   -1.05  363   0.00    0    0.62 ASP  29 A    0.00 XXX   0 X    0.08 ASP  30 A
ARG  87 A                                            0.00 XXX   0 X    0.00 XXX   0 X   -0.15 ARG   8 B
ARG  87 A                                            0.00 XXX   0 X    0.00 XXX   0 X    0.42 ASP  29 A

N+    1 A   8.97     0 %   -0.43  242   0.00    0    0.85 C-   99 B    0.00 XXX   0 X    0.12 CYS  67 A
N+    1 A                                            0.00 XXX   0 X    0.00 XXX   0 X    0.05 CYS  95 A
N+    1 A                                            0.00 XXX   0 X    0.00 XXX   0 X    0.38 C-   99 B

ASP  25 B   9.06*  100 %    2.81  578   0.19    0    0.89 ASP  25 A   -0.44 GLY  27 B   -0.01 ARG   8 B
ASP  25 B                                            0.00 XXX   0 X   -0.04 ALA  28 B    0.01 ASP  29 A
ASP  25 B                                            0.00 XXX   0 X    0.00 XXX   0 X    0.04 ASP  29 B
ASP  25 B                                            0.00 XXX   0 X    0.00 XXX   0 X    1.81 ASP  25 A

ASP  29 B   1.88    40 %    1.09  392   0.10    0   -1.37 ARG   8 A    0.00 XXX   0 X   -0.09 LYS  45 B
ASP  29 B                                           -0.72 ARG  87 B    0.00 XXX   0 X   -0.50 ARG   8 A
ASP  29 B                                            0.00 XXX   0 X    0.00 XXX   0 X   -0.44 ARG  87 B

ASP  30 B   3.98    50 %    1.20  420   0.00    0   -0.63 LYS  45 B    0.00 XXX   0 X   -0.03 ARG   8 A
ASP  30 B                                            0.00 XXX   0 X    0.00 XXX   0 X   -0.10 ARG  87 B
ASP  30 B                                            0.00 XXX   0 X    0.00 XXX   0 X    0.28 ASP  29 B
ASP  30 B                                            0.00 XXX   0 X    0.00 XXX   0 X   -0.54 LYS  45 B

ASP  60 B   1.93     0 %    0.48  272   0.00    0   -0.76 GLN  58 B    0.00 XXX   0 X   -0.02 LYS  45 B
ASP  60 B                                           -0.55 THR  74 B    0.00 XXX   0 X   -0.38 LYS  43 B
ASP  60 B                                           -0.65 LYS  43 B    0.00 XXX   0 X    0.00 XXX   0 X

GLU  21 B   4.69     0 %    0.19  227   0.00    0    0.00 XXX   0 X    0.00 XXX   0 X    0.00 XXX   0 X

GLU  34 B   4.85     9 %    0.41  306   0.06    0    0.00 XXX   0 X    0.00 XXX   0 X   -0.12 LYS  20 B

GLU  35 B   3.81     0 %    0.42  258   0.00    0   -0.72 ARG  57 B    0.00 XXX   0 X   -0.01 LYS  20 B
GLU  35 B                                            0.00 XXX   0 X    0.00 XXX   0 X   -0.38 ARG  57 B

GLU  65 B   4.30     0 %    0.35  218   0.00    0    0.00 XXX   0 X    0.00 XXX   0 X   -0.21 LYS  14 B
GLU  65 B                                            0.00 XXX   0 X    0.00 XXX   0 X   -0.31 LYS  70 B
GLU  65 B                                            0.00 XXX   0 X    0.00 XXX   0 X   -0.03 HIS  69 B

C-   99 B   1.99     0 %    0.31  259   0.00    0   -0.85 N+    1 A   -0.08 PHE  99 B   -0.22 HIS  69 A
C-   99 B                                            0.00 XXX   0 X    0.00 XXX   0 X   -0.38 N+    1 A

HIS  69 B   6.22     0 %   -0.40  268   0.00    0    0.00 XXX   0 X    0.00 XXX   0 X   -0.11 N+    1 B
HIS  69 B                                            0.00 XXX   0 X    0.00 XXX   0 X    0.20 C-   99 A
HIS  69 B                                            0.00 XXX   0 X    0.00 XXX   0 X    0.03 GLU  65 B

CYS  67 B   9.91    25 %    0.97  351   0.00    0    0.00 XXX   0 X    0.00 XXX   0 X   -0.10 N+    1 B
CYS  67 B                                            0.00 XXX   0 X    0.00 XXX   0 X    0.04 C-   99 A

CYS  95 B  11.61    71 %    2.51  479   0.00    0    0.00 XXX   0 X    0.00 XXX   0 X   -0.05 N+    1 B
CYS  95 B                                            0.00 XXX   0 X    0.00 XXX   0 X    0.12 C-   99 A
CYS  95 B                                            0.00 XXX   0 X    0.00 XXX   0 X    0.03 CYS  67 B

TYR  59 B   9.91     0 %    0.66  278   0.00    0   -0.50 ARG  57 B    0.00 XXX   0 X    0.13 GLU  35 B
TYR  59 B                                            0.00 XXX   0 X    0.00 XXX   0 X   -0.38 ARG  57 B

LYS  14 B  10.48     0 %   -0.14  154   0.00    0    0.00 XXX   0 X    0.00 XXX   0 X    0.21 GLU  65 B
LYS  14 B                                            0.00 XXX   0 X    0.00 XXX   0 X   -0.10 LYS  70 B

LYS  20 B   9.81    19 %   -0.82  335   0.00    0    0.00 XXX   0 X    0.00 XXX   0 X    0.12 GLU  34 B
LYS  20 B                                            0.00 XXX   0 X    0.00 XXX   0 X    0.01 GLU  35 B

LYS  43 B  11.30     0 %   -0.23  199   0.00    0    0.65 ASP  60 B    0.00 XXX   0 X    0.38 ASP  60 B

LYS  45 B  11.07    22 %   -0.70  343   0.00    0    0.63 ASP  30 B    0.00 XXX   0 X    0.09 ASP  29 B
LYS  45 B                                            0.00 XXX   0 X    0.00 XXX   0 X    0.02 ASP  60 B
LYS  45 B                                            0.00 XXX   0 X    0.00 XXX   0 X   -0.01 LYS  43 B
LYS  45 B                                            0.00 XXX   0 X    0.00 XXX   0 X    0.54 ASP  30 B

LYS  55 B   9.85     0 %   -0.61  246   0.00    0    0.00 XXX   0 X    0.00 XXX   0 X   -0.03 ARG  57 B

LYS  70 B  10.63     0 %   -0.18  167   0.00    0    0.00 XXX   0 X    0.00 XXX   0 X    0.31 GLU  65 B

ARG   8 B  13.58    20 %   -0.45  336   0.00    0    1.00 ASP  29 A    0.00 XXX   0 X    0.03 ASP  30 A
ARG   8 B                                            0.00 XXX   0 X    0.00 XXX   0 X    0.01 ASP  25 B
ARG   8 B                                            0.00 XXX   0 X    0.00 XXX   0 X    0.50 ASP  29 A

ARG  41 B  12.43     0 %   -0.07  101   0.00    0    0.00 XXX   0 X    0.00 XXX   0 X    0.00 XXX   0 X

ARG  57 B  14.02     0 %   -0.47  280   0.00    0    0.72 GLU  35 B    0.00 XXX   0 X    0.38 GLU  35 B
ARG  57 B                                            0.50 TYR  59 B    0.00 XXX   0 X    0.38 TYR  59 B

ARG  87 B  12.48    31 %   -1.13  369   0.00    0    0.72 ASP  29 B    0.00 XXX   0 X    0.10 ASP  30 B
ARG  87 B                                            0.00 XXX   0 X    0.00 XXX   0 X   -0.15 ARG   8 A
ARG  87 B                                            0.00 XXX   0 X    0.00 XXX   0 X    0.44 ASP  29 B

N+    1 B   8.98     0 %   -0.38  230   0.00    0    0.82 C-   99 A    0.00 XXX   0 X    0.10 CYS  67 B
N+    1 B                                            0.00 XXX   0 X    0.00 XXX   0 X    0.05 CYS  95 B
N+    1 B                                            0.00 XXX   0 X    0.00 XXX   0 X    0.38 C-   99 A

Coupled residues (marked *) were detected.Please rerun PropKa with the --display-coupled-residues 
or -d option for detailed information.

2025-03-04 19:07:48,611 INFO:output.py:227:print_pka_section:pKa summary:
--------------------------------------------------------------------------------------------------------
SUMMARY OF THIS PREDICTION
       Group      pKa  model-pKa   ligand atom-type
   ASP  25 A     5.07       3.80                      
   ASP  29 A     2.40       3.80                      
   ASP  30 A     4.77       3.80                      
   ASP  60 A     2.87       3.80                      
   ASP  25 B     9.06       3.80                      
   ASP  29 B     1.88       3.80                      
   ASP  30 B     3.98       3.80                      
   ASP  60 B     1.93       3.80                      
   GLU  21 A     4.74       4.50                      
   GLU  34 A     4.92       4.50                      
   GLU  35 A     3.66       4.50                      
   GLU  65 A     3.95       4.50                      
   GLU  21 B     4.69       4.50                      
   GLU  34 B     4.85       4.50                      
   GLU  35 B     3.81       4.50                      
   GLU  65 B     4.30       4.50                      
   C-   99 A     2.09       3.20                      
   C-   99 B     1.99       3.20                      
   HIS  69 A     6.86       6.50                      
   HIS  69 B     6.22       6.50                      
   CYS  67 A     9.73       9.00                      
   CYS  95 A    11.62       9.00                      
   CYS  67 B     9.91       9.00                      
   CYS  95 B    11.61       9.00                      
   TYR  59 A     9.70      10.00                      
   TYR  59 B     9.91      10.00                      
   LYS  14 A    10.98      10.50                      
   LYS  20 A    10.11      10.50                      
   LYS  43 A    10.62      10.50                      
   LYS  45 A    10.59      10.50                      
   LYS  55 A    10.18      10.50                      
   LYS  70 A    10.52      10.50                      
   LYS  14 B    10.48      10.50                      
   LYS  20 B     9.81      10.50                      
   LYS  43 B    11.30      10.50                      
   LYS  45 B    11.07      10.50                      
   LYS  55 B     9.85      10.50                      
   LYS  70 B    10.63      10.50                      
   ARG   8 A    14.00      12.50                      
   ARG  41 A    12.43      12.50                      
   ARG  57 A    13.76      12.50                      
   ARG  87 A    12.42      12.50                      
   ARG   8 B    13.58      12.50                      
   ARG  41 B    12.43      12.50                      
   ARG  57 B    14.02      12.50                      
   ARG  87 B    12.48      12.50                      
   N+    1 A     8.97       8.00                      
   N+    1 B     8.98       8.00                      

2025-03-04 19:07:48,617 INFO:main.py:645:non_trivial:PROPKA information:
--------------------------------------------------------------------------------------------------------
Free energy of   folding (kcal/mol) as a function of pH (using neutral reference)
  0.00      1.19
  1.00      0.95
  2.00     -0.66
  3.00     -5.03
  4.00     -8.31
  5.00     -7.39
  6.00     -5.57
  7.00     -3.97
  8.00     -1.81
  9.00      1.62
 10.00      4.93
 11.00      7.83
 12.00     10.43
 13.00     13.15
 14.00     16.19

The pH of optimum stability is  4.2 for which the free energy is   -8.4 kcal/mol at 298K
The free energy is within 80 % of maximum at pH  3.4 to  5.3
The free energy is negative in the range  1.8 -  8.5


Protein charge of folded and unfolded state as a function of pH
    pH  unfolded  folded
  0.00     24.00   23.95
  0.10     24.00   23.94
  0.20     24.00   23.92
  0.30     23.99   23.90
  0.40     23.99   23.88
  0.50     23.99   23.85
  0.60     23.99   23.81
  0.70     23.99   23.76
  0.80     23.98   23.71
  0.90     23.98   23.64
  1.00     23.97   23.55
  1.10     23.97   23.45
  1.20     23.96   23.33
  1.30     23.94   23.18
  1.40     23.93   23.01
  1.50     23.91   22.81
  1.60     23.89   22.59
  1.70     23.86   22.34
  1.80     23.83   22.07
  1.90     23.78   21.77
  2.00     23.73   21.46
  2.10     23.66   21.14
  2.20     23.58   20.82
  2.30     23.48   20.49
  2.40     23.36   20.17
  2.50     23.21   19.85
  2.60     23.02   19.53
  2.70     22.81   19.23
  2.80     22.55   18.92
  2.90     22.24   18.63
  3.00     21.89   18.33
  3.10     21.48   18.03
  3.20     21.01   17.72
  3.30     20.49   17.40
  3.40     19.91   17.07
  3.50     19.27   16.72
  3.60     18.58   16.35
  3.70     17.84   15.96
  3.80     17.07   15.55
  3.90     16.26   15.12
  4.00     15.44   14.68
  4.10     14.61   14.21
  4.20     13.78   13.73
  4.30     12.96   13.25
  4.40     12.17   12.75
  4.50     11.41   12.25
  4.60     10.69   11.75
  4.70     10.02   11.25
  4.80      9.41   10.76
  4.90      8.85   10.29
  5.00      8.36    9.84
  5.10      7.93    9.42
  5.20      7.56    9.03
  5.30      7.23    8.67
  5.40      6.95    8.35
  5.50      6.70    8.05
  5.60      6.49    7.79
  5.70      6.29    7.55
  5.80      6.12    7.33
  5.90      5.95    7.13
  6.00      5.79    6.95
  6.10      5.64    6.78
  6.20      5.48    6.62
  6.30      5.33    6.46
  6.40      5.17    6.32
  6.50      5.02    6.17
  6.60      4.87    6.04
  6.70      4.72    5.91
  6.80      4.57    5.79
  6.90      4.42    5.67
  7.00      4.28    5.57
  7.10      4.15    5.47
  7.20      4.01    5.37
  7.30      3.87    5.28
  7.40      3.72    5.20
  7.50      3.57    5.12
  7.60      3.41    5.04
  7.70      3.24    4.96
  7.80      3.05    4.88
  7.90      2.85    4.79
  8.00      2.64    4.69
  8.10      2.42    4.58
  8.20      2.18    4.45
  8.30      1.92    4.31
  8.40      1.65    4.13
  8.50      1.36    3.93
  8.60      1.05    3.70
  8.70      0.73    3.44
  8.80      0.38    3.13
  8.90      0.02    2.79
  9.00     -0.36    2.41
  9.10     -0.76    1.99
  9.20     -1.18    1.54
  9.30     -1.62    1.03
  9.40     -2.07    0.49
  9.50     -2.55   -0.09
  9.60     -3.07   -0.71
  9.70     -3.62   -1.37
  9.80     -4.21   -2.06
  9.90     -4.84   -2.79
 10.00     -5.52   -3.53
 10.10     -6.25   -4.29
 10.20     -7.02   -5.06
 10.30     -7.82   -5.83
 10.40     -8.64   -6.59
 10.50     -9.47   -7.35
 10.60    -10.28   -8.09
 10.70    -11.07   -8.82
 10.80    -11.81   -9.52
 10.90    -12.50  -10.19
 11.00    -13.14  -10.84
 11.10    -13.72  -11.46
 11.20    -14.24  -12.05
 11.30    -14.72  -12.62
 11.40    -15.15  -13.16
 11.50    -15.56  -13.67
 11.60    -15.95  -14.16
 11.70    -16.33  -14.63
 11.80    -16.72  -15.08
 11.90    -17.12  -15.51
 12.00    -17.53  -15.94
 12.10    -17.96  -16.35
 12.20    -18.42  -16.75
 12.30    -18.90  -17.14
 12.40    -19.38  -17.52
 12.50    -19.87  -17.89
 12.60    -20.36  -18.25
 12.70    -20.83  -18.59
 12.80    -21.27  -18.92
 12.90    -21.67  -19.23
 13.00    -22.04  -19.53
 13.10    -22.36  -19.81
 13.20    -22.64  -20.09
 13.30    -22.89  -20.37
 13.40    -23.09  -20.64
 13.50    -23.26  -20.92
 13.60    -23.40  -21.19
 13.70    -23.52  -21.46
 13.80    -23.61  -21.72
 13.90    -23.69  -21.98
 14.00    -23.75  -22.23
The pI is  9.48 (folded) and  8.90 (unfolded)

--------------------------------------------------------------------------------------------------------
2025-03-04 19:07:48,617 INFO:biomolecule.py:794:apply_pka_values:Applying pKa values at a pH of 7.40:
2025-03-04 19:07:48,617 INFO:main.py:658:non_trivial:Adding hydrogens to biomolecule.
2025-03-04 19:07:48,698 INFO:main.py:661:non_trivial:Debumping biomolecule (again).
2025-03-04 19:07:48,796 INFO:main.py:663:non_trivial:Optimizing hydrogen bonds
2025-03-04 19:07:48,923 INFO:main.py:675:non_trivial:Applying force field to biomolecule states.
2025-03-04 19:07:48,924 INFO:main.py:722:non_trivial:Regenerating headers.
2025-03-04 19:07:48,924 INFO:main.py:747:non_trivial:Regenerating PDB lines.
2025-03-04 19:07:48,931 WARNING:main.py:320:print_pqr:Ignoring 465 header lines in output.
